2021-03-29 12:39:10,669  INFO [main] LoginPageTest_Excel:29 - Application Launched Successfully
2021-03-29 12:39:11,376  INFO [main] LoginPageTest_Excel:115 - Browser Terminated
2021-03-29 12:39:11,377  INFO [main] LoginPageTest_Excel:116 - -----------------------------------------------
2021-03-29 12:39:11,427 DEBUG [main] cache:44 - Couldn't find template in cache for "spark/spark.spa.ftl"("en_US", UTF-8, parsed); will try to load it.
2021-03-29 12:39:11,428 DEBUG [main] cache:44 - TemplateLoader.findTemplateSource("spark/spark.spa_en_US.ftl"): Not found
2021-03-29 12:39:11,429 DEBUG [main] cache:44 - TemplateLoader.findTemplateSource("spark/spark.spa_en.ftl"): Not found
2021-03-29 12:39:11,432 DEBUG [main] cache:44 - TemplateLoader.findTemplateSource("spark/spark.spa.ftl"): Found
2021-03-29 12:39:11,433 DEBUG [main] cache:44 - Loading template for "spark/spark.spa.ftl"("en_US", UTF-8, parsed) from "jar:file:/C:/Users/harish.gajjela/.m2/repository/com/aventstack/extentreports/4.1.7/extentreports-4.1.7.jar!/com/aventstack/extentreports/view/spark/spark.spa.ftl"
2021-03-29 12:39:11,530 DEBUG [main] cache:44 - Couldn't find template in cache for "commons/commons-variables.ftl"("en_US", UTF-8, parsed); will try to load it.
2021-03-29 12:39:11,531 DEBUG [main] cache:44 - TemplateLoader.findTemplateSource("commons/commons-variables_en_US.ftl"): Not found
2021-03-29 12:39:11,531 DEBUG [main] cache:44 - TemplateLoader.findTemplateSource("commons/commons-variables_en.ftl"): Not found
2021-03-29 12:39:11,532 DEBUG [main] cache:44 - TemplateLoader.findTemplateSource("commons/commons-variables.ftl"): Found
2021-03-29 12:39:11,533 DEBUG [main] cache:44 - Loading template for "commons/commons-variables.ftl"("en_US", UTF-8, parsed) from "jar:file:/C:/Users/harish.gajjela/.m2/repository/com/aventstack/extentreports/4.1.7/extentreports-4.1.7.jar!/com/aventstack/extentreports/view/commons/commons-variables.ftl"
2021-03-29 12:39:11,572 DEBUG [main] cache:44 - Couldn't find template in cache for "commons/commons-macros.ftl"("en_US", UTF-8, parsed); will try to load it.
2021-03-29 12:39:11,574 DEBUG [main] cache:44 - TemplateLoader.findTemplateSource("commons/commons-macros_en_US.ftl"): Not found
2021-03-29 12:39:11,574 DEBUG [main] cache:44 - TemplateLoader.findTemplateSource("commons/commons-macros_en.ftl"): Not found
2021-03-29 12:39:11,576 DEBUG [main] cache:44 - TemplateLoader.findTemplateSource("commons/commons-macros.ftl"): Found
2021-03-29 12:39:11,576 DEBUG [main] cache:44 - Loading template for "commons/commons-macros.ftl"("en_US", UTF-8, parsed) from "jar:file:/C:/Users/harish.gajjela/.m2/repository/com/aventstack/extentreports/4.1.7/extentreports-4.1.7.jar!/com/aventstack/extentreports/view/commons/commons-macros.ftl"
2021-03-29 12:39:11,584 DEBUG [main] cache:44 - Couldn't find template in cache for "spark/macros/attributes.ftl"("en_US", UTF-8, parsed); will try to load it.
2021-03-29 12:39:11,585 DEBUG [main] cache:44 - TemplateLoader.findTemplateSource("spark/macros/attributes_en_US.ftl"): Not found
2021-03-29 12:39:11,586 DEBUG [main] cache:44 - TemplateLoader.findTemplateSource("spark/macros/attributes_en.ftl"): Not found
2021-03-29 12:39:11,586 DEBUG [main] cache:44 - TemplateLoader.findTemplateSource("spark/macros/attributes.ftl"): Found
2021-03-29 12:39:11,587 DEBUG [main] cache:44 - Loading template for "spark/macros/attributes.ftl"("en_US", UTF-8, parsed) from "jar:file:/C:/Users/harish.gajjela/.m2/repository/com/aventstack/extentreports/4.1.7/extentreports-4.1.7.jar!/com/aventstack/extentreports/view/spark/macros/attributes.ftl"
2021-03-29 12:39:11,589 DEBUG [main] cache:44 - Couldn't find template in cache for "spark/macros/log.ftl"("en_US", UTF-8, parsed); will try to load it.
2021-03-29 12:39:11,590 DEBUG [main] cache:44 - TemplateLoader.findTemplateSource("spark/macros/log_en_US.ftl"): Not found
2021-03-29 12:39:11,591 DEBUG [main] cache:44 - TemplateLoader.findTemplateSource("spark/macros/log_en.ftl"): Not found
2021-03-29 12:39:11,592 DEBUG [main] cache:44 - TemplateLoader.findTemplateSource("spark/macros/log.ftl"): Found
2021-03-29 12:39:11,593 DEBUG [main] cache:44 - Loading template for "spark/macros/log.ftl"("en_US", UTF-8, parsed) from "jar:file:/C:/Users/harish.gajjela/.m2/repository/com/aventstack/extentreports/4.1.7/extentreports-4.1.7.jar!/com/aventstack/extentreports/view/spark/macros/log.ftl"
2021-03-29 12:39:11,594 DEBUG [main] cache:44 - Couldn't find template in cache for "spark/macros/recurse_nodes.ftl"("en_US", UTF-8, parsed); will try to load it.
2021-03-29 12:39:11,595 DEBUG [main] cache:44 - TemplateLoader.findTemplateSource("spark/macros/recurse_nodes_en_US.ftl"): Not found
2021-03-29 12:39:11,595 DEBUG [main] cache:44 - TemplateLoader.findTemplateSource("spark/macros/recurse_nodes_en.ftl"): Not found
2021-03-29 12:39:11,596 DEBUG [main] cache:44 - TemplateLoader.findTemplateSource("spark/macros/recurse_nodes.ftl"): Found
2021-03-29 12:39:11,597 DEBUG [main] cache:44 - Loading template for "spark/macros/recurse_nodes.ftl"("en_US", UTF-8, parsed) from "jar:file:/C:/Users/harish.gajjela/.m2/repository/com/aventstack/extentreports/4.1.7/extentreports-4.1.7.jar!/com/aventstack/extentreports/view/spark/macros/recurse_nodes.ftl"
2021-03-29 12:39:11,599 DEBUG [main] cache:44 - "spark/macros/log.ftl"("en_US", UTF-8, parsed) cached copy not yet stale; using cached.
2021-03-29 12:39:11,604 DEBUG [main] cache:44 - Couldn't find template in cache for "spark/partials/head.ftl"("en_US", UTF-8, parsed); will try to load it.
2021-03-29 12:39:11,604 DEBUG [main] cache:44 - TemplateLoader.findTemplateSource("spark/partials/head_en_US.ftl"): Not found
2021-03-29 12:39:11,605 DEBUG [main] cache:44 - TemplateLoader.findTemplateSource("spark/partials/head_en.ftl"): Not found
2021-03-29 12:39:11,606 DEBUG [main] cache:44 - TemplateLoader.findTemplateSource("spark/partials/head.ftl"): Found
2021-03-29 12:39:11,606 DEBUG [main] cache:44 - Loading template for "spark/partials/head.ftl"("en_US", UTF-8, parsed) from "jar:file:/C:/Users/harish.gajjela/.m2/repository/com/aventstack/extentreports/4.1.7/extentreports-4.1.7.jar!/com/aventstack/extentreports/view/spark/partials/head.ftl"
2021-03-29 12:39:11,609 DEBUG [main] cache:44 - Couldn't find template in cache for "commons/commons-inject-css.ftl"("en_US", UTF-8, parsed); will try to load it.
2021-03-29 12:39:11,611 DEBUG [main] cache:44 - TemplateLoader.findTemplateSource("commons/commons-inject-css_en_US.ftl"): Not found
2021-03-29 12:39:11,611 DEBUG [main] cache:44 - TemplateLoader.findTemplateSource("commons/commons-inject-css_en.ftl"): Not found
2021-03-29 12:39:11,612 DEBUG [main] cache:44 - TemplateLoader.findTemplateSource("commons/commons-inject-css.ftl"): Found
2021-03-29 12:39:11,612 DEBUG [main] cache:44 - Loading template for "commons/commons-inject-css.ftl"("en_US", UTF-8, parsed) from "jar:file:/C:/Users/harish.gajjela/.m2/repository/com/aventstack/extentreports/4.1.7/extentreports-4.1.7.jar!/com/aventstack/extentreports/view/commons/commons-inject-css.ftl"
2021-03-29 12:39:11,614 DEBUG [main] cache:44 - Couldn't find template in cache for "spark/partials/navbar.ftl"("en_US", UTF-8, parsed); will try to load it.
2021-03-29 12:39:11,615 DEBUG [main] cache:44 - TemplateLoader.findTemplateSource("spark/partials/navbar_en_US.ftl"): Not found
2021-03-29 12:39:11,615 DEBUG [main] cache:44 - TemplateLoader.findTemplateSource("spark/partials/navbar_en.ftl"): Not found
2021-03-29 12:39:11,616 DEBUG [main] cache:44 - TemplateLoader.findTemplateSource("spark/partials/navbar.ftl"): Found
2021-03-29 12:39:11,616 DEBUG [main] cache:44 - Loading template for "spark/partials/navbar.ftl"("en_US", UTF-8, parsed) from "jar:file:/C:/Users/harish.gajjela/.m2/repository/com/aventstack/extentreports/4.1.7/extentreports-4.1.7.jar!/com/aventstack/extentreports/view/spark/partials/navbar.ftl"
2021-03-29 12:39:11,625 DEBUG [main] cache:44 - Couldn't find template in cache for "spark/partials/sidenav.ftl"("en_US", UTF-8, parsed); will try to load it.
2021-03-29 12:39:11,626 DEBUG [main] cache:44 - TemplateLoader.findTemplateSource("spark/partials/sidenav_en_US.ftl"): Not found
2021-03-29 12:39:11,627 DEBUG [main] cache:44 - TemplateLoader.findTemplateSource("spark/partials/sidenav_en.ftl"): Not found
2021-03-29 12:39:11,627 DEBUG [main] cache:44 - TemplateLoader.findTemplateSource("spark/partials/sidenav.ftl"): Found
2021-03-29 12:39:11,627 DEBUG [main] cache:44 - Loading template for "spark/partials/sidenav.ftl"("en_US", UTF-8, parsed) from "jar:file:/C:/Users/harish.gajjela/.m2/repository/com/aventstack/extentreports/4.1.7/extentreports-4.1.7.jar!/com/aventstack/extentreports/view/spark/partials/sidenav.ftl"
2021-03-29 12:39:11,629 DEBUG [main] cache:44 - Couldn't find template in cache for "spark/partials/test.ftl"("en_US", UTF-8, parsed); will try to load it.
2021-03-29 12:39:11,630 DEBUG [main] cache:44 - TemplateLoader.findTemplateSource("spark/partials/test_en_US.ftl"): Not found
2021-03-29 12:39:11,630 DEBUG [main] cache:44 - TemplateLoader.findTemplateSource("spark/partials/test_en.ftl"): Not found
2021-03-29 12:39:11,631 DEBUG [main] cache:44 - TemplateLoader.findTemplateSource("spark/partials/test.ftl"): Found
2021-03-29 12:39:11,631 DEBUG [main] cache:44 - Loading template for "spark/partials/test.ftl"("en_US", UTF-8, parsed) from "jar:file:/C:/Users/harish.gajjela/.m2/repository/com/aventstack/extentreports/4.1.7/extentreports-4.1.7.jar!/com/aventstack/extentreports/view/spark/partials/test.ftl"
2021-03-29 12:39:11,647 DEBUG [main] cache:44 - Couldn't find template in cache for "spark/partials/standard-content.ftl"("en_US", UTF-8, parsed); will try to load it.
2021-03-29 12:39:11,648 DEBUG [main] cache:44 - TemplateLoader.findTemplateSource("spark/partials/standard-content_en_US.ftl"): Not found
2021-03-29 12:39:11,648 DEBUG [main] cache:44 - TemplateLoader.findTemplateSource("spark/partials/standard-content_en.ftl"): Not found
2021-03-29 12:39:11,649 DEBUG [main] cache:44 - TemplateLoader.findTemplateSource("spark/partials/standard-content.ftl"): Found
2021-03-29 12:39:11,649 DEBUG [main] cache:44 - Loading template for "spark/partials/standard-content.ftl"("en_US", UTF-8, parsed) from "jar:file:/C:/Users/harish.gajjela/.m2/repository/com/aventstack/extentreports/4.1.7/extentreports-4.1.7.jar!/com/aventstack/extentreports/view/spark/partials/standard-content.ftl"
2021-03-29 12:39:11,653 DEBUG [main] cache:44 - Couldn't find template in cache for "spark/partials/dashboard.ftl"("en_US", UTF-8, parsed); will try to load it.
2021-03-29 12:39:11,654 DEBUG [main] cache:44 - TemplateLoader.findTemplateSource("spark/partials/dashboard_en_US.ftl"): Not found
2021-03-29 12:39:11,654 DEBUG [main] cache:44 - TemplateLoader.findTemplateSource("spark/partials/dashboard_en.ftl"): Not found
2021-03-29 12:39:11,654 DEBUG [main] cache:44 - TemplateLoader.findTemplateSource("spark/partials/dashboard.ftl"): Found
2021-03-29 12:39:11,655 DEBUG [main] cache:44 - Loading template for "spark/partials/dashboard.ftl"("en_US", UTF-8, parsed) from "jar:file:/C:/Users/harish.gajjela/.m2/repository/com/aventstack/extentreports/4.1.7/extentreports-4.1.7.jar!/com/aventstack/extentreports/view/spark/partials/dashboard.ftl"
2021-03-29 12:39:11,686 DEBUG [main] cache:44 - Couldn't find template in cache for "spark/partials/scripts.ftl"("en_US", UTF-8, parsed); will try to load it.
2021-03-29 12:39:11,687 DEBUG [main] cache:44 - TemplateLoader.findTemplateSource("spark/partials/scripts_en_US.ftl"): Not found
2021-03-29 12:39:11,687 DEBUG [main] cache:44 - TemplateLoader.findTemplateSource("spark/partials/scripts_en.ftl"): Not found
2021-03-29 12:39:11,688 DEBUG [main] cache:44 - TemplateLoader.findTemplateSource("spark/partials/scripts.ftl"): Found
2021-03-29 12:39:11,688 DEBUG [main] cache:44 - Loading template for "spark/partials/scripts.ftl"("en_US", UTF-8, parsed) from "jar:file:/C:/Users/harish.gajjela/.m2/repository/com/aventstack/extentreports/4.1.7/extentreports-4.1.7.jar!/com/aventstack/extentreports/view/spark/partials/scripts.ftl"
2021-03-29 12:39:11,690 DEBUG [main] cache:44 - Couldn't find template in cache for "commons/commons-inject-js.ftl"("en_US", UTF-8, parsed); will try to load it.
2021-03-29 12:39:11,690 DEBUG [main] cache:44 - TemplateLoader.findTemplateSource("commons/commons-inject-js_en_US.ftl"): Not found
2021-03-29 12:39:11,691 DEBUG [main] cache:44 - TemplateLoader.findTemplateSource("commons/commons-inject-js_en.ftl"): Not found
2021-03-29 12:39:11,692 DEBUG [main] cache:44 - TemplateLoader.findTemplateSource("commons/commons-inject-js.ftl"): Found
2021-03-29 12:39:11,693 DEBUG [main] cache:44 - Loading template for "commons/commons-inject-js.ftl"("en_US", UTF-8, parsed) from "jar:file:/C:/Users/harish.gajjela/.m2/repository/com/aventstack/extentreports/4.1.7/extentreports-4.1.7.jar!/com/aventstack/extentreports/view/commons/commons-inject-js.ftl"
