2021-03-29 13:10:54,732  INFO [main] WebEventListener:27 - Application Launched Successfully
2021-03-29 13:13:07,205  INFO [main] WebEventListener:115 - Browser Terminated
2021-03-29 13:13:07,206  INFO [main] WebEventListener:116 - -----------------------------------------------
2021-03-29 13:13:07,277 DEBUG [main] cache:44 - Couldn't find template in cache for "spark/spark.spa.ftl"("en_US", UTF-8, parsed); will try to load it.
2021-03-29 13:13:07,278 DEBUG [main] cache:44 - TemplateLoader.findTemplateSource("spark/spark.spa_en_US.ftl"): Not found
2021-03-29 13:13:07,279 DEBUG [main] cache:44 - TemplateLoader.findTemplateSource("spark/spark.spa_en.ftl"): Not found
2021-03-29 13:13:07,280 DEBUG [main] cache:44 - TemplateLoader.findTemplateSource("spark/spark.spa.ftl"): Found
2021-03-29 13:13:07,283 DEBUG [main] cache:44 - Loading template for "spark/spark.spa.ftl"("en_US", UTF-8, parsed) from "jar:file:/C:/Users/harish.gajjela/.m2/repository/com/aventstack/extentreports/4.1.7/extentreports-4.1.7.jar!/com/aventstack/extentreports/view/spark/spark.spa.ftl"
2021-03-29 13:13:07,404 DEBUG [main] cache:44 - Couldn't find template in cache for "commons/commons-variables.ftl"("en_US", UTF-8, parsed); will try to load it.
2021-03-29 13:13:07,405 DEBUG [main] cache:44 - TemplateLoader.findTemplateSource("commons/commons-variables_en_US.ftl"): Not found
2021-03-29 13:13:07,406 DEBUG [main] cache:44 - TemplateLoader.findTemplateSource("commons/commons-variables_en.ftl"): Not found
2021-03-29 13:13:07,407 DEBUG [main] cache:44 - TemplateLoader.findTemplateSource("commons/commons-variables.ftl"): Found
2021-03-29 13:13:07,407 DEBUG [main] cache:44 - Loading template for "commons/commons-variables.ftl"("en_US", UTF-8, parsed) from "jar:file:/C:/Users/harish.gajjela/.m2/repository/com/aventstack/extentreports/4.1.7/extentreports-4.1.7.jar!/com/aventstack/extentreports/view/commons/commons-variables.ftl"
2021-03-29 13:13:07,477 DEBUG [main] cache:44 - Couldn't find template in cache for "commons/commons-macros.ftl"("en_US", UTF-8, parsed); will try to load it.
2021-03-29 13:13:07,478 DEBUG [main] cache:44 - TemplateLoader.findTemplateSource("commons/commons-macros_en_US.ftl"): Not found
2021-03-29 13:13:07,479 DEBUG [main] cache:44 - TemplateLoader.findTemplateSource("commons/commons-macros_en.ftl"): Not found
2021-03-29 13:13:07,479 DEBUG [main] cache:44 - TemplateLoader.findTemplateSource("commons/commons-macros.ftl"): Found
2021-03-29 13:13:07,480 DEBUG [main] cache:44 - Loading template for "commons/commons-macros.ftl"("en_US", UTF-8, parsed) from "jar:file:/C:/Users/harish.gajjela/.m2/repository/com/aventstack/extentreports/4.1.7/extentreports-4.1.7.jar!/com/aventstack/extentreports/view/commons/commons-macros.ftl"
2021-03-29 13:13:07,490 DEBUG [main] cache:44 - Couldn't find template in cache for "spark/macros/attributes.ftl"("en_US", UTF-8, parsed); will try to load it.
2021-03-29 13:13:07,490 DEBUG [main] cache:44 - TemplateLoader.findTemplateSource("spark/macros/attributes_en_US.ftl"): Not found
2021-03-29 13:13:07,492 DEBUG [main] cache:44 - TemplateLoader.findTemplateSource("spark/macros/attributes_en.ftl"): Not found
2021-03-29 13:13:07,493 DEBUG [main] cache:44 - TemplateLoader.findTemplateSource("spark/macros/attributes.ftl"): Found
2021-03-29 13:13:07,493 DEBUG [main] cache:44 - Loading template for "spark/macros/attributes.ftl"("en_US", UTF-8, parsed) from "jar:file:/C:/Users/harish.gajjela/.m2/repository/com/aventstack/extentreports/4.1.7/extentreports-4.1.7.jar!/com/aventstack/extentreports/view/spark/macros/attributes.ftl"
2021-03-29 13:13:07,496 DEBUG [main] cache:44 - Couldn't find template in cache for "spark/macros/log.ftl"("en_US", UTF-8, parsed); will try to load it.
2021-03-29 13:13:07,497 DEBUG [main] cache:44 - TemplateLoader.findTemplateSource("spark/macros/log_en_US.ftl"): Not found
2021-03-29 13:13:07,499 DEBUG [main] cache:44 - TemplateLoader.findTemplateSource("spark/macros/log_en.ftl"): Not found
2021-03-29 13:13:07,502 DEBUG [main] cache:44 - TemplateLoader.findTemplateSource("spark/macros/log.ftl"): Found
2021-03-29 13:13:07,503 DEBUG [main] cache:44 - Loading template for "spark/macros/log.ftl"("en_US", UTF-8, parsed) from "jar:file:/C:/Users/harish.gajjela/.m2/repository/com/aventstack/extentreports/4.1.7/extentreports-4.1.7.jar!/com/aventstack/extentreports/view/spark/macros/log.ftl"
2021-03-29 13:13:07,506 DEBUG [main] cache:44 - Couldn't find template in cache for "spark/macros/recurse_nodes.ftl"("en_US", UTF-8, parsed); will try to load it.
2021-03-29 13:13:07,506 DEBUG [main] cache:44 - TemplateLoader.findTemplateSource("spark/macros/recurse_nodes_en_US.ftl"): Not found
2021-03-29 13:13:07,507 DEBUG [main] cache:44 - TemplateLoader.findTemplateSource("spark/macros/recurse_nodes_en.ftl"): Not found
2021-03-29 13:13:07,508 DEBUG [main] cache:44 - TemplateLoader.findTemplateSource("spark/macros/recurse_nodes.ftl"): Found
2021-03-29 13:13:07,508 DEBUG [main] cache:44 - Loading template for "spark/macros/recurse_nodes.ftl"("en_US", UTF-8, parsed) from "jar:file:/C:/Users/harish.gajjela/.m2/repository/com/aventstack/extentreports/4.1.7/extentreports-4.1.7.jar!/com/aventstack/extentreports/view/spark/macros/recurse_nodes.ftl"
2021-03-29 13:13:07,511 DEBUG [main] cache:44 - "spark/macros/log.ftl"("en_US", UTF-8, parsed) cached copy not yet stale; using cached.
2021-03-29 13:13:07,516 DEBUG [main] cache:44 - Couldn't find template in cache for "spark/partials/head.ftl"("en_US", UTF-8, parsed); will try to load it.
2021-03-29 13:13:07,516 DEBUG [main] cache:44 - TemplateLoader.findTemplateSource("spark/partials/head_en_US.ftl"): Not found
2021-03-29 13:13:07,517 DEBUG [main] cache:44 - TemplateLoader.findTemplateSource("spark/partials/head_en.ftl"): Not found
2021-03-29 13:13:07,519 DEBUG [main] cache:44 - TemplateLoader.findTemplateSource("spark/partials/head.ftl"): Found
2021-03-29 13:13:07,520 DEBUG [main] cache:44 - Loading template for "spark/partials/head.ftl"("en_US", UTF-8, parsed) from "jar:file:/C:/Users/harish.gajjela/.m2/repository/com/aventstack/extentreports/4.1.7/extentreports-4.1.7.jar!/com/aventstack/extentreports/view/spark/partials/head.ftl"
2021-03-29 13:13:07,522 DEBUG [main] cache:44 - Couldn't find template in cache for "commons/commons-inject-css.ftl"("en_US", UTF-8, parsed); will try to load it.
2021-03-29 13:13:07,523 DEBUG [main] cache:44 - TemplateLoader.findTemplateSource("commons/commons-inject-css_en_US.ftl"): Not found
2021-03-29 13:13:07,524 DEBUG [main] cache:44 - TemplateLoader.findTemplateSource("commons/commons-inject-css_en.ftl"): Not found
2021-03-29 13:13:07,525 DEBUG [main] cache:44 - TemplateLoader.findTemplateSource("commons/commons-inject-css.ftl"): Found
2021-03-29 13:13:07,525 DEBUG [main] cache:44 - Loading template for "commons/commons-inject-css.ftl"("en_US", UTF-8, parsed) from "jar:file:/C:/Users/harish.gajjela/.m2/repository/com/aventstack/extentreports/4.1.7/extentreports-4.1.7.jar!/com/aventstack/extentreports/view/commons/commons-inject-css.ftl"
2021-03-29 13:13:07,527 DEBUG [main] cache:44 - Couldn't find template in cache for "spark/partials/navbar.ftl"("en_US", UTF-8, parsed); will try to load it.
2021-03-29 13:13:07,528 DEBUG [main] cache:44 - TemplateLoader.findTemplateSource("spark/partials/navbar_en_US.ftl"): Not found
2021-03-29 13:13:07,528 DEBUG [main] cache:44 - TemplateLoader.findTemplateSource("spark/partials/navbar_en.ftl"): Not found
2021-03-29 13:13:07,529 DEBUG [main] cache:44 - TemplateLoader.findTemplateSource("spark/partials/navbar.ftl"): Found
2021-03-29 13:13:07,530 DEBUG [main] cache:44 - Loading template for "spark/partials/navbar.ftl"("en_US", UTF-8, parsed) from "jar:file:/C:/Users/harish.gajjela/.m2/repository/com/aventstack/extentreports/4.1.7/extentreports-4.1.7.jar!/com/aventstack/extentreports/view/spark/partials/navbar.ftl"
2021-03-29 13:13:07,539 DEBUG [main] cache:44 - Couldn't find template in cache for "spark/partials/sidenav.ftl"("en_US", UTF-8, parsed); will try to load it.
2021-03-29 13:13:07,540 DEBUG [main] cache:44 - TemplateLoader.findTemplateSource("spark/partials/sidenav_en_US.ftl"): Not found
2021-03-29 13:13:07,540 DEBUG [main] cache:44 - TemplateLoader.findTemplateSource("spark/partials/sidenav_en.ftl"): Not found
2021-03-29 13:13:07,541 DEBUG [main] cache:44 - TemplateLoader.findTemplateSource("spark/partials/sidenav.ftl"): Found
2021-03-29 13:13:07,541 DEBUG [main] cache:44 - Loading template for "spark/partials/sidenav.ftl"("en_US", UTF-8, parsed) from "jar:file:/C:/Users/harish.gajjela/.m2/repository/com/aventstack/extentreports/4.1.7/extentreports-4.1.7.jar!/com/aventstack/extentreports/view/spark/partials/sidenav.ftl"
2021-03-29 13:13:07,544 DEBUG [main] cache:44 - Couldn't find template in cache for "spark/partials/test.ftl"("en_US", UTF-8, parsed); will try to load it.
2021-03-29 13:13:07,544 DEBUG [main] cache:44 - TemplateLoader.findTemplateSource("spark/partials/test_en_US.ftl"): Not found
2021-03-29 13:13:07,545 DEBUG [main] cache:44 - TemplateLoader.findTemplateSource("spark/partials/test_en.ftl"): Not found
2021-03-29 13:13:07,545 DEBUG [main] cache:44 - TemplateLoader.findTemplateSource("spark/partials/test.ftl"): Found
2021-03-29 13:13:07,546 DEBUG [main] cache:44 - Loading template for "spark/partials/test.ftl"("en_US", UTF-8, parsed) from "jar:file:/C:/Users/harish.gajjela/.m2/repository/com/aventstack/extentreports/4.1.7/extentreports-4.1.7.jar!/com/aventstack/extentreports/view/spark/partials/test.ftl"
2021-03-29 13:13:07,566 DEBUG [main] cache:44 - Couldn't find template in cache for "spark/partials/standard-content.ftl"("en_US", UTF-8, parsed); will try to load it.
2021-03-29 13:13:07,568 DEBUG [main] cache:44 - TemplateLoader.findTemplateSource("spark/partials/standard-content_en_US.ftl"): Not found
2021-03-29 13:13:07,570 DEBUG [main] cache:44 - TemplateLoader.findTemplateSource("spark/partials/standard-content_en.ftl"): Not found
2021-03-29 13:13:07,571 DEBUG [main] cache:44 - TemplateLoader.findTemplateSource("spark/partials/standard-content.ftl"): Found
2021-03-29 13:13:07,571 DEBUG [main] cache:44 - Loading template for "spark/partials/standard-content.ftl"("en_US", UTF-8, parsed) from "jar:file:/C:/Users/harish.gajjela/.m2/repository/com/aventstack/extentreports/4.1.7/extentreports-4.1.7.jar!/com/aventstack/extentreports/view/spark/partials/standard-content.ftl"
2021-03-29 13:13:07,577 DEBUG [main] cache:44 - Couldn't find template in cache for "spark/partials/dashboard.ftl"("en_US", UTF-8, parsed); will try to load it.
2021-03-29 13:13:07,577 DEBUG [main] cache:44 - TemplateLoader.findTemplateSource("spark/partials/dashboard_en_US.ftl"): Not found
2021-03-29 13:13:07,578 DEBUG [main] cache:44 - TemplateLoader.findTemplateSource("spark/partials/dashboard_en.ftl"): Not found
2021-03-29 13:13:07,578 DEBUG [main] cache:44 - TemplateLoader.findTemplateSource("spark/partials/dashboard.ftl"): Found
2021-03-29 13:13:07,579 DEBUG [main] cache:44 - Loading template for "spark/partials/dashboard.ftl"("en_US", UTF-8, parsed) from "jar:file:/C:/Users/harish.gajjela/.m2/repository/com/aventstack/extentreports/4.1.7/extentreports-4.1.7.jar!/com/aventstack/extentreports/view/spark/partials/dashboard.ftl"
2021-03-29 13:13:07,609 DEBUG [main] cache:44 - Couldn't find template in cache for "spark/partials/scripts.ftl"("en_US", UTF-8, parsed); will try to load it.
2021-03-29 13:13:07,609 DEBUG [main] cache:44 - TemplateLoader.findTemplateSource("spark/partials/scripts_en_US.ftl"): Not found
2021-03-29 13:13:07,610 DEBUG [main] cache:44 - TemplateLoader.findTemplateSource("spark/partials/scripts_en.ftl"): Not found
2021-03-29 13:13:07,610 DEBUG [main] cache:44 - TemplateLoader.findTemplateSource("spark/partials/scripts.ftl"): Found
2021-03-29 13:13:07,611 DEBUG [main] cache:44 - Loading template for "spark/partials/scripts.ftl"("en_US", UTF-8, parsed) from "jar:file:/C:/Users/harish.gajjela/.m2/repository/com/aventstack/extentreports/4.1.7/extentreports-4.1.7.jar!/com/aventstack/extentreports/view/spark/partials/scripts.ftl"
2021-03-29 13:13:07,612 DEBUG [main] cache:44 - Couldn't find template in cache for "commons/commons-inject-js.ftl"("en_US", UTF-8, parsed); will try to load it.
2021-03-29 13:13:07,613 DEBUG [main] cache:44 - TemplateLoader.findTemplateSource("commons/commons-inject-js_en_US.ftl"): Not found
2021-03-29 13:13:07,613 DEBUG [main] cache:44 - TemplateLoader.findTemplateSource("commons/commons-inject-js_en.ftl"): Not found
2021-03-29 13:13:07,614 DEBUG [main] cache:44 - TemplateLoader.findTemplateSource("commons/commons-inject-js.ftl"): Found
2021-03-29 13:13:07,614 DEBUG [main] cache:44 - Loading template for "commons/commons-inject-js.ftl"("en_US", UTF-8, parsed) from "jar:file:/C:/Users/harish.gajjela/.m2/repository/com/aventstack/extentreports/4.1.7/extentreports-4.1.7.jar!/com/aventstack/extentreports/view/commons/commons-inject-js.ftl"
