2021-03-29 11:51:16,823  INFO [main] WebEventListener:33 - Application Launched Successfully
2021-03-29 11:51:17,053  INFO [main] DealsPage:49 - groupautomation
2021-03-29 11:51:17,054  INFO [main] DealsPage:50 - [[ChromeDriver: chrome on WINDOWS (a2f512410f7b04bac186548ee3ee7b06)] -> name: password]
2021-03-29 11:51:29,058  INFO [main] TestUtility:48 - Home Page Title Verified
2021-03-29 11:51:29,137  INFO [main] TestUtility:53 - UserName Verified
2021-03-29 11:51:30,295  INFO [main] ContactsPage:57 - Switched into Frame and Clicked on Contacts Link
2021-03-29 11:51:31,419  INFO [main] DealsPage:61 - Switched into Frame and Clicked on Deals Link
2021-03-29 11:51:32,141  INFO [main] DealsPage:111 - Browser Terminated
2021-03-29 11:51:32,144  INFO [main] DealsPage:112 - -----------------------------------------------
2021-03-29 11:51:32,189 DEBUG [main] cache:44 - Couldn't find template in cache for "spark/spark.spa.ftl"("en_US", UTF-8, parsed); will try to load it.
2021-03-29 11:51:32,190 DEBUG [main] cache:44 - TemplateLoader.findTemplateSource("spark/spark.spa_en_US.ftl"): Not found
2021-03-29 11:51:32,191 DEBUG [main] cache:44 - TemplateLoader.findTemplateSource("spark/spark.spa_en.ftl"): Not found
2021-03-29 11:51:32,192 DEBUG [main] cache:44 - TemplateLoader.findTemplateSource("spark/spark.spa.ftl"): Found
2021-03-29 11:51:32,192 DEBUG [main] cache:44 - Loading template for "spark/spark.spa.ftl"("en_US", UTF-8, parsed) from "jar:file:/C:/Users/harish.gajjela/.m2/repository/com/aventstack/extentreports/4.1.7/extentreports-4.1.7.jar!/com/aventstack/extentreports/view/spark/spark.spa.ftl"
2021-03-29 11:51:32,300 DEBUG [main] cache:44 - Couldn't find template in cache for "commons/commons-variables.ftl"("en_US", UTF-8, parsed); will try to load it.
2021-03-29 11:51:32,300 DEBUG [main] cache:44 - TemplateLoader.findTemplateSource("commons/commons-variables_en_US.ftl"): Not found
2021-03-29 11:51:32,301 DEBUG [main] cache:44 - TemplateLoader.findTemplateSource("commons/commons-variables_en.ftl"): Not found
2021-03-29 11:51:32,301 DEBUG [main] cache:44 - TemplateLoader.findTemplateSource("commons/commons-variables.ftl"): Found
2021-03-29 11:51:32,302 DEBUG [main] cache:44 - Loading template for "commons/commons-variables.ftl"("en_US", UTF-8, parsed) from "jar:file:/C:/Users/harish.gajjela/.m2/repository/com/aventstack/extentreports/4.1.7/extentreports-4.1.7.jar!/com/aventstack/extentreports/view/commons/commons-variables.ftl"
2021-03-29 11:51:32,349 DEBUG [main] cache:44 - Couldn't find template in cache for "commons/commons-macros.ftl"("en_US", UTF-8, parsed); will try to load it.
2021-03-29 11:51:32,350 DEBUG [main] cache:44 - TemplateLoader.findTemplateSource("commons/commons-macros_en_US.ftl"): Not found
2021-03-29 11:51:32,351 DEBUG [main] cache:44 - TemplateLoader.findTemplateSource("commons/commons-macros_en.ftl"): Not found
2021-03-29 11:51:32,352 DEBUG [main] cache:44 - TemplateLoader.findTemplateSource("commons/commons-macros.ftl"): Found
2021-03-29 11:51:32,353 DEBUG [main] cache:44 - Loading template for "commons/commons-macros.ftl"("en_US", UTF-8, parsed) from "jar:file:/C:/Users/harish.gajjela/.m2/repository/com/aventstack/extentreports/4.1.7/extentreports-4.1.7.jar!/com/aventstack/extentreports/view/commons/commons-macros.ftl"
2021-03-29 11:51:32,360 DEBUG [main] cache:44 - Couldn't find template in cache for "spark/macros/attributes.ftl"("en_US", UTF-8, parsed); will try to load it.
2021-03-29 11:51:32,362 DEBUG [main] cache:44 - TemplateLoader.findTemplateSource("spark/macros/attributes_en_US.ftl"): Not found
2021-03-29 11:51:32,363 DEBUG [main] cache:44 - TemplateLoader.findTemplateSource("spark/macros/attributes_en.ftl"): Not found
2021-03-29 11:51:32,364 DEBUG [main] cache:44 - TemplateLoader.findTemplateSource("spark/macros/attributes.ftl"): Found
2021-03-29 11:51:32,364 DEBUG [main] cache:44 - Loading template for "spark/macros/attributes.ftl"("en_US", UTF-8, parsed) from "jar:file:/C:/Users/harish.gajjela/.m2/repository/com/aventstack/extentreports/4.1.7/extentreports-4.1.7.jar!/com/aventstack/extentreports/view/spark/macros/attributes.ftl"
2021-03-29 11:51:32,366 DEBUG [main] cache:44 - Couldn't find template in cache for "spark/macros/log.ftl"("en_US", UTF-8, parsed); will try to load it.
2021-03-29 11:51:32,367 DEBUG [main] cache:44 - TemplateLoader.findTemplateSource("spark/macros/log_en_US.ftl"): Not found
2021-03-29 11:51:32,367 DEBUG [main] cache:44 - TemplateLoader.findTemplateSource("spark/macros/log_en.ftl"): Not found
2021-03-29 11:51:32,368 DEBUG [main] cache:44 - TemplateLoader.findTemplateSource("spark/macros/log.ftl"): Found
2021-03-29 11:51:32,368 DEBUG [main] cache:44 - Loading template for "spark/macros/log.ftl"("en_US", UTF-8, parsed) from "jar:file:/C:/Users/harish.gajjela/.m2/repository/com/aventstack/extentreports/4.1.7/extentreports-4.1.7.jar!/com/aventstack/extentreports/view/spark/macros/log.ftl"
2021-03-29 11:51:32,370 DEBUG [main] cache:44 - Couldn't find template in cache for "spark/macros/recurse_nodes.ftl"("en_US", UTF-8, parsed); will try to load it.
2021-03-29 11:51:32,370 DEBUG [main] cache:44 - TemplateLoader.findTemplateSource("spark/macros/recurse_nodes_en_US.ftl"): Not found
2021-03-29 11:51:32,371 DEBUG [main] cache:44 - TemplateLoader.findTemplateSource("spark/macros/recurse_nodes_en.ftl"): Not found
2021-03-29 11:51:32,371 DEBUG [main] cache:44 - TemplateLoader.findTemplateSource("spark/macros/recurse_nodes.ftl"): Found
2021-03-29 11:51:32,372 DEBUG [main] cache:44 - Loading template for "spark/macros/recurse_nodes.ftl"("en_US", UTF-8, parsed) from "jar:file:/C:/Users/harish.gajjela/.m2/repository/com/aventstack/extentreports/4.1.7/extentreports-4.1.7.jar!/com/aventstack/extentreports/view/spark/macros/recurse_nodes.ftl"
2021-03-29 11:51:32,374 DEBUG [main] cache:44 - "spark/macros/log.ftl"("en_US", UTF-8, parsed) cached copy not yet stale; using cached.
2021-03-29 11:51:32,378 DEBUG [main] cache:44 - Couldn't find template in cache for "spark/partials/head.ftl"("en_US", UTF-8, parsed); will try to load it.
2021-03-29 11:51:32,379 DEBUG [main] cache:44 - TemplateLoader.findTemplateSource("spark/partials/head_en_US.ftl"): Not found
2021-03-29 11:51:32,379 DEBUG [main] cache:44 - TemplateLoader.findTemplateSource("spark/partials/head_en.ftl"): Not found
2021-03-29 11:51:32,380 DEBUG [main] cache:44 - TemplateLoader.findTemplateSource("spark/partials/head.ftl"): Found
2021-03-29 11:51:32,380 DEBUG [main] cache:44 - Loading template for "spark/partials/head.ftl"("en_US", UTF-8, parsed) from "jar:file:/C:/Users/harish.gajjela/.m2/repository/com/aventstack/extentreports/4.1.7/extentreports-4.1.7.jar!/com/aventstack/extentreports/view/spark/partials/head.ftl"
2021-03-29 11:51:32,382 DEBUG [main] cache:44 - Couldn't find template in cache for "commons/commons-inject-css.ftl"("en_US", UTF-8, parsed); will try to load it.
2021-03-29 11:51:32,383 DEBUG [main] cache:44 - TemplateLoader.findTemplateSource("commons/commons-inject-css_en_US.ftl"): Not found
2021-03-29 11:51:32,383 DEBUG [main] cache:44 - TemplateLoader.findTemplateSource("commons/commons-inject-css_en.ftl"): Not found
2021-03-29 11:51:32,384 DEBUG [main] cache:44 - TemplateLoader.findTemplateSource("commons/commons-inject-css.ftl"): Found
2021-03-29 11:51:32,384 DEBUG [main] cache:44 - Loading template for "commons/commons-inject-css.ftl"("en_US", UTF-8, parsed) from "jar:file:/C:/Users/harish.gajjela/.m2/repository/com/aventstack/extentreports/4.1.7/extentreports-4.1.7.jar!/com/aventstack/extentreports/view/commons/commons-inject-css.ftl"
2021-03-29 11:51:32,385 DEBUG [main] cache:44 - Couldn't find template in cache for "spark/partials/navbar.ftl"("en_US", UTF-8, parsed); will try to load it.
2021-03-29 11:51:32,386 DEBUG [main] cache:44 - TemplateLoader.findTemplateSource("spark/partials/navbar_en_US.ftl"): Not found
2021-03-29 11:51:32,386 DEBUG [main] cache:44 - TemplateLoader.findTemplateSource("spark/partials/navbar_en.ftl"): Not found
2021-03-29 11:51:32,387 DEBUG [main] cache:44 - TemplateLoader.findTemplateSource("spark/partials/navbar.ftl"): Found
2021-03-29 11:51:32,387 DEBUG [main] cache:44 - Loading template for "spark/partials/navbar.ftl"("en_US", UTF-8, parsed) from "jar:file:/C:/Users/harish.gajjela/.m2/repository/com/aventstack/extentreports/4.1.7/extentreports-4.1.7.jar!/com/aventstack/extentreports/view/spark/partials/navbar.ftl"
2021-03-29 11:51:32,392 DEBUG [main] cache:44 - Couldn't find template in cache for "spark/partials/sidenav.ftl"("en_US", UTF-8, parsed); will try to load it.
2021-03-29 11:51:32,393 DEBUG [main] cache:44 - TemplateLoader.findTemplateSource("spark/partials/sidenav_en_US.ftl"): Not found
2021-03-29 11:51:32,394 DEBUG [main] cache:44 - TemplateLoader.findTemplateSource("spark/partials/sidenav_en.ftl"): Not found
2021-03-29 11:51:32,395 DEBUG [main] cache:44 - TemplateLoader.findTemplateSource("spark/partials/sidenav.ftl"): Found
2021-03-29 11:51:32,395 DEBUG [main] cache:44 - Loading template for "spark/partials/sidenav.ftl"("en_US", UTF-8, parsed) from "jar:file:/C:/Users/harish.gajjela/.m2/repository/com/aventstack/extentreports/4.1.7/extentreports-4.1.7.jar!/com/aventstack/extentreports/view/spark/partials/sidenav.ftl"
2021-03-29 11:51:32,397 DEBUG [main] cache:44 - Couldn't find template in cache for "spark/partials/test.ftl"("en_US", UTF-8, parsed); will try to load it.
2021-03-29 11:51:32,398 DEBUG [main] cache:44 - TemplateLoader.findTemplateSource("spark/partials/test_en_US.ftl"): Not found
2021-03-29 11:51:32,399 DEBUG [main] cache:44 - TemplateLoader.findTemplateSource("spark/partials/test_en.ftl"): Not found
2021-03-29 11:51:32,399 DEBUG [main] cache:44 - TemplateLoader.findTemplateSource("spark/partials/test.ftl"): Found
2021-03-29 11:51:32,400 DEBUG [main] cache:44 - Loading template for "spark/partials/test.ftl"("en_US", UTF-8, parsed) from "jar:file:/C:/Users/harish.gajjela/.m2/repository/com/aventstack/extentreports/4.1.7/extentreports-4.1.7.jar!/com/aventstack/extentreports/view/spark/partials/test.ftl"
2021-03-29 11:51:32,424 DEBUG [main] cache:44 - Couldn't find template in cache for "spark/partials/standard-content.ftl"("en_US", UTF-8, parsed); will try to load it.
2021-03-29 11:51:32,425 DEBUG [main] cache:44 - TemplateLoader.findTemplateSource("spark/partials/standard-content_en_US.ftl"): Not found
2021-03-29 11:51:32,425 DEBUG [main] cache:44 - TemplateLoader.findTemplateSource("spark/partials/standard-content_en.ftl"): Not found
2021-03-29 11:51:32,426 DEBUG [main] cache:44 - TemplateLoader.findTemplateSource("spark/partials/standard-content.ftl"): Found
2021-03-29 11:51:32,428 DEBUG [main] cache:44 - Loading template for "spark/partials/standard-content.ftl"("en_US", UTF-8, parsed) from "jar:file:/C:/Users/harish.gajjela/.m2/repository/com/aventstack/extentreports/4.1.7/extentreports-4.1.7.jar!/com/aventstack/extentreports/view/spark/partials/standard-content.ftl"
2021-03-29 11:51:32,435 DEBUG [main] cache:44 - Couldn't find template in cache for "spark/partials/dashboard.ftl"("en_US", UTF-8, parsed); will try to load it.
2021-03-29 11:51:32,436 DEBUG [main] cache:44 - TemplateLoader.findTemplateSource("spark/partials/dashboard_en_US.ftl"): Not found
2021-03-29 11:51:32,436 DEBUG [main] cache:44 - TemplateLoader.findTemplateSource("spark/partials/dashboard_en.ftl"): Not found
2021-03-29 11:51:32,437 DEBUG [main] cache:44 - TemplateLoader.findTemplateSource("spark/partials/dashboard.ftl"): Found
2021-03-29 11:51:32,437 DEBUG [main] cache:44 - Loading template for "spark/partials/dashboard.ftl"("en_US", UTF-8, parsed) from "jar:file:/C:/Users/harish.gajjela/.m2/repository/com/aventstack/extentreports/4.1.7/extentreports-4.1.7.jar!/com/aventstack/extentreports/view/spark/partials/dashboard.ftl"
2021-03-29 11:51:32,463 DEBUG [main] cache:44 - Couldn't find template in cache for "spark/partials/scripts.ftl"("en_US", UTF-8, parsed); will try to load it.
2021-03-29 11:51:32,463 DEBUG [main] cache:44 - TemplateLoader.findTemplateSource("spark/partials/scripts_en_US.ftl"): Not found
2021-03-29 11:51:32,464 DEBUG [main] cache:44 - TemplateLoader.findTemplateSource("spark/partials/scripts_en.ftl"): Not found
2021-03-29 11:51:32,464 DEBUG [main] cache:44 - TemplateLoader.findTemplateSource("spark/partials/scripts.ftl"): Found
2021-03-29 11:51:32,464 DEBUG [main] cache:44 - Loading template for "spark/partials/scripts.ftl"("en_US", UTF-8, parsed) from "jar:file:/C:/Users/harish.gajjela/.m2/repository/com/aventstack/extentreports/4.1.7/extentreports-4.1.7.jar!/com/aventstack/extentreports/view/spark/partials/scripts.ftl"
2021-03-29 11:51:32,466 DEBUG [main] cache:44 - Couldn't find template in cache for "commons/commons-inject-js.ftl"("en_US", UTF-8, parsed); will try to load it.
2021-03-29 11:51:32,467 DEBUG [main] cache:44 - TemplateLoader.findTemplateSource("commons/commons-inject-js_en_US.ftl"): Not found
2021-03-29 11:51:32,467 DEBUG [main] cache:44 - TemplateLoader.findTemplateSource("commons/commons-inject-js_en.ftl"): Not found
2021-03-29 11:51:32,468 DEBUG [main] cache:44 - TemplateLoader.findTemplateSource("commons/commons-inject-js.ftl"): Found
2021-03-29 11:51:32,468 DEBUG [main] cache:44 - Loading template for "commons/commons-inject-js.ftl"("en_US", UTF-8, parsed) from "jar:file:/C:/Users/harish.gajjela/.m2/repository/com/aventstack/extentreports/4.1.7/extentreports-4.1.7.jar!/com/aventstack/extentreports/view/commons/commons-inject-js.ftl"
